-Xlint:ignore
-1.8
-encoding
UTF-8
-showWeaveInfo
-source
1.8
-target
1.8
-verbose
-classpath
/home/gjouneau/.m2/repository/org/aspectj/aspectjweaver/1.8.9/aspectjweaver-1.8.9.jar:/home/gjouneau/.m2/repository/org/aspectj/aspectjrt/1.8.9/aspectjrt-1.8.9.jar:/home/gjouneau/.m2/repository/org/eclipse/emf/ecoretools/ale/compiler/alecompiler-maven-plugin/0.0.1-SNAPSHOT/alecompiler-maven-plugin-0.0.1-SNAPSHOT.jar:/home/gjouneau/Documents/Recherche/Self-Adaptable_Virtual_Machine/selfadaptable-minijava/selfadaptable-minijava.lang.services/target/org.tetrabox.selfadaptable-minijava.lang.services-0.0.1-SNAPSHOT.jar:/home/gjouneau/.m2/repository/org/eclipse/emf/org.eclipse.emf.ecore/2.15.0/org.eclipse.emf.ecore-2.15.0.jar:/home/gjouneau/.m2/repository/org/eclipse/emf/org.eclipse.emf.common/2.20.0/org.eclipse.emf.common-2.20.0.jar:/home/gjouneau/.m2/repository/org/eclipse/emf/org.eclipse.emf.ecore.xmi/2.15.0/org.eclipse.emf.ecore.xmi-2.15.0.jar:/home/gjouneau/.m2/repository/org/eclipse/emf/ecoretools/ale/compiler/lib/org.eclipse.emf.ecoretools.ale.compiler.lib/0.0.1-SNAPSHOT/org.eclipse.emf.ecoretools.ale.compiler.lib-0.0.1-SNAPSHOT.jar:/home/gjouneau/.m2/repository/org/eclipse/emf/ecoretools/ale/core/org.eclipse.emf.ecoretools.ale.core/0.0.1-SNAPSHOT/org.eclipse.emf.ecoretools.ale.core-0.0.1-SNAPSHOT.jar:/home/gjouneau/.m2/repository/org/eclipse/emf/ecoretools/ale/compiler/truffle/lib/org.eclipse.emf.ecoretools.ale.compiler.truffle.lib/0.0.1-SNAPSHOT/org.eclipse.emf.ecoretools.ale.compiler.truffle.lib-0.0.1-SNAPSHOT.jar:/home/gjouneau/.m2/repository/org/eclipse/emf/ecoretools/ale/compiler/org.eclipse.emf.ecoretools.ale.compiler/0.0.1-SNAPSHOT/org.eclipse.emf.ecoretools.ale.compiler-0.0.1-SNAPSHOT.jar:/home/gjouneau/.m2/repository/org/eclipse/xtend/org.eclipse.xtend.lib/2.17.0/org.eclipse.xtend.lib-2.17.0.jar:/home/gjouneau/.m2/repository/org/eclipse/xtext/org.eclipse.xtext.xbase.lib/2.17.0/org.eclipse.xtext.xbase.lib-2.17.0.jar:/home/gjouneau/.m2/repository/org/eclipse/xtend/org.eclipse.xtend.lib.macro/2.17.0/org.eclipse.xtend.lib.macro-2.17.0.jar:/home/gjouneau/.m2/repository/com/squareup/javapoet/1.11.1/javapoet-1.11.1.jar:/home/gjouneau/.m2/repository/org/eclipse/emf/org.eclipse.emf.codegen.ecore/2.15.0/org.eclipse.emf.codegen.ecore-2.15.0.jar:/home/gjouneau/.m2/repository/org/eclipse/jdt/org.eclipse.jdt.core/3.23.0/org.eclipse.jdt.core-3.23.0.jar:/home/gjouneau/.m2/repository/org/eclipse/jdt/org.eclipse.jdt.launching/3.18.0/org.eclipse.jdt.launching-3.18.0.jar:/home/gjouneau/.m2/repository/org/eclipse/platform/org.eclipse.debug.core/3.16.0/org.eclipse.debug.core-3.16.0.jar:/home/gjouneau/.m2/repository/org/eclipse/jdt/org.eclipse.jdt.debug/3.16.0/org.eclipse.jdt.debug-3.16.0.jar:/home/gjouneau/.m2/repository/org/eclipse/platform/org.eclipse.core.variables/3.4.800/org.eclipse.core.variables-3.4.800.jar:/home/gjouneau/.m2/repository/org/eclipse/emf/org.eclipse.emf.codegen/2.21.0/org.eclipse.emf.codegen-2.21.0.jar:/home/gjouneau/.m2/repository/org/eclipse/platform/org.eclipse.text/3.10.300/org.eclipse.text-3.10.300.jar:/home/gjouneau/.m2/repository/org/eclipse/platform/org.eclipse.core.commands/3.9.700/org.eclipse.core.commands-3.9.700.jar:/home/gjouneau/.m2/repository/org/eclipse/xtext/org.eclipse.xtext/2.14.0/org.eclipse.xtext-2.14.0.jar:/home/gjouneau/.m2/repository/org/eclipse/xtext/org.eclipse.xtext.util/2.14.0/org.eclipse.xtext.util-2.14.0.jar:/home/gjouneau/.m2/repository/log4j/log4j/1.2.16/log4j-1.2.16.jar:/home/gjouneau/.m2/repository/com/google/inject/guice/3.0/guice-3.0.jar:/home/gjouneau/.m2/repository/javax/inject/javax.inject/1/javax.inject-1.jar:/home/gjouneau/.m2/repository/aopalliance/aopalliance/1.0/aopalliance-1.0.jar:/home/gjouneau/.m2/repository/org/eclipse/platform/org.eclipse.core.resources/3.13.100/org.eclipse.core.resources-3.13.100.jar:/home/gjouneau/.m2/repository/org/eclipse/platform/org.eclipse.core.expressions/3.7.0/org.eclipse.core.expressions-3.7.0.jar:/home/gjouneau/.m2/repository/org/eclipse/platform/org.eclipse.core.filesystem/1.7.700/org.eclipse.core.filesystem-1.7.700.jar:/home/gjouneau/.m2/repository/org/eclipse/platform/org.eclipse.core.runtime/3.14.0/org.eclipse.core.runtime-3.14.0.jar:/home/gjouneau/.m2/repository/org/eclipse/platform/org.eclipse.osgi/3.16.0/org.eclipse.osgi-3.16.0.jar:/home/gjouneau/.m2/repository/org/eclipse/platform/org.eclipse.equinox.common/3.13.0/org.eclipse.equinox.common-3.13.0.jar:/home/gjouneau/.m2/repository/org/eclipse/platform/org.eclipse.core.jobs/3.10.800/org.eclipse.core.jobs-3.10.800.jar:/home/gjouneau/.m2/repository/org/eclipse/platform/org.eclipse.equinox.registry/3.9.0/org.eclipse.equinox.registry-3.9.0.jar:/home/gjouneau/.m2/repository/org/eclipse/platform/org.eclipse.equinox.preferences/3.8.0/org.eclipse.equinox.preferences-3.8.0.jar:/home/gjouneau/.m2/repository/org/eclipse/platform/org.eclipse.core.contenttype/3.7.800/org.eclipse.core.contenttype-3.7.800.jar:/home/gjouneau/.m2/repository/org/eclipse/platform/org.eclipse.equinox.app/1.5.0/org.eclipse.equinox.app-1.5.0.jar:/home/gjouneau/Documents/Recherche/Self-Adaptable_Virtual_Machine/selfadaptable-minijava/selfadaptable-minijava.model/target/selfadaptable-minijava.model-0.0.1-SNAPSHOT.jar:/home/gjouneau/.m2/repository/org/graalvm/truffle/truffle-api/19.1.0/truffle-api-19.1.0.jar:/home/gjouneau/.m2/repository/org/graalvm/sdk/graal-sdk/19.1.0/graal-sdk-19.1.0.jar:/home/gjouneau/.m2/repository/org/antlr/antlr4-runtime/4.7.1/antlr4-runtime-4.7.1.jar:/home/gjouneau/.m2/repository/org/eclipse/acceleo/org.eclipse.acceleo.query/6.0.8-SNAPSHOT/org.eclipse.acceleo.query-6.0.8-SNAPSHOT.jar:/home/gjouneau/.m2/repository/com/google/guava/guava/11.0/guava-11.0.jar:/home/gjouneau/.m2/repository/com/google/code/findbugs/jsr305/1.3.9/jsr305-1.3.9.jar:/home/gjouneau/Documents/Recherche/Self-Adaptable_Virtual_Machine/selfadaptable-minijava/selfadaptable-minijava.lang.visitor/target/classes
-d
/home/gjouneau/Documents/Recherche/Self-Adaptable_Virtual_Machine/selfadaptable-minijava/selfadaptable-minijava.lang.visitor/target/classes
/home/gjouneau/Documents/Recherche/Self-Adaptable_Virtual_Machine/selfadaptable-minijava/selfadaptable-minijava.lang.visitor/visitor-comp/visitor/AcceptInterface.java
/home/gjouneau/Documents/Recherche/Self-Adaptable_Virtual_Machine/selfadaptable-minijava/selfadaptable-minijava.lang.visitor/visitor-comp/visitor/operation/miniJava/ExpressionOperation.java
/home/gjouneau/Documents/Recherche/Self-Adaptable_Virtual_Machine/selfadaptable-minijava/selfadaptable-minijava.lang.visitor/visitor-comp/visitor/operation/miniJava/ArrayInstanceOperation.java
/home/gjouneau/Documents/Recherche/Self-Adaptable_Virtual_Machine/selfadaptable-minijava/selfadaptable-minijava.lang.visitor/visitor-comp/visitor/operation/miniJava/IfStatementOperation.java
/home/gjouneau/Documents/Recherche/Self-Adaptable_Virtual_Machine/selfadaptable-minijava/selfadaptable-minijava.lang.visitor/visitor-comp/visitor/operation/miniJava/SingleTypeRefOperation.java
/home/gjouneau/Documents/Recherche/Self-Adaptable_Virtual_Machine/selfadaptable-minijava/selfadaptable-minijava.lang.visitor/visitor-comp/visitor/operation/miniJava/FieldAccessOperation.java
/home/gjouneau/Documents/Recherche/Self-Adaptable_Virtual_Machine/selfadaptable-minijava/selfadaptable-minijava.lang.visitor/visitor-comp/visitor/operation/miniJava/BlockOperation.java
/home/gjouneau/Documents/Recherche/Self-Adaptable_Virtual_Machine/selfadaptable-minijava/selfadaptable-minijava.lang.visitor/visitor-comp/visitor/operation/miniJava/BooleanTypeRefOperation.java
/home/gjouneau/Documents/Recherche/Self-Adaptable_Virtual_Machine/selfadaptable-minijava/selfadaptable-minijava.lang.visitor/visitor-comp/visitor/operation/miniJava/TypeRefOperation.java
/home/gjouneau/Documents/Recherche/Self-Adaptable_Virtual_Machine/selfadaptable-minijava/selfadaptable-minijava.lang.visitor/visitor-comp/visitor/operation/miniJava/SuperiorOperation.java
/home/gjouneau/Documents/Recherche/Self-Adaptable_Virtual_Machine/selfadaptable-minijava/selfadaptable-minijava.lang.visitor/visitor-comp/visitor/operation/miniJava/InferiorOperation.java
/home/gjouneau/Documents/Recherche/Self-Adaptable_Virtual_Machine/selfadaptable-minijava/selfadaptable-minijava.lang.visitor/visitor-comp/visitor/operation/miniJava/NamedElementOperation.java
/home/gjouneau/Documents/Recherche/Self-Adaptable_Virtual_Machine/selfadaptable-minijava/selfadaptable-minijava.lang.visitor/visitor-comp/visitor/operation/miniJava/ForStatementOperation.java
/home/gjouneau/Documents/Recherche/Self-Adaptable_Virtual_Machine/selfadaptable-minijava/selfadaptable-minijava.lang.visitor/visitor-comp/visitor/operation/miniJava/OrOperation.java
/home/gjouneau/Documents/Recherche/Self-Adaptable_Virtual_Machine/selfadaptable-minijava/selfadaptable-minijava.lang.visitor/visitor-comp/visitor/operation/miniJava/TypedDeclarationOperation.java
/home/gjouneau/Documents/Recherche/Self-Adaptable_Virtual_Machine/selfadaptable-minijava/selfadaptable-minijava.lang.visitor/visitor-comp/visitor/operation/miniJava/WriteImageOperation.java
/home/gjouneau/Documents/Recherche/Self-Adaptable_Virtual_Machine/selfadaptable-minijava/selfadaptable-minijava.lang.visitor/visitor-comp/visitor/operation/miniJava/ClassRefOperation.java
/home/gjouneau/Documents/Recherche/Self-Adaptable_Virtual_Machine/selfadaptable-minijava/selfadaptable-minijava.lang.visitor/visitor-comp/visitor/operation/miniJava/ImportOperation.java
/home/gjouneau/Documents/Recherche/Self-Adaptable_Virtual_Machine/selfadaptable-minijava/selfadaptable-minijava.lang.visitor/visitor-comp/visitor/operation/miniJava/InequalityOperation.java
/home/gjouneau/Documents/Recherche/Self-Adaptable_Virtual_Machine/selfadaptable-minijava/selfadaptable-minijava.lang.visitor/visitor-comp/visitor/operation/miniJava/NewArrayOperation.java
/home/gjouneau/Documents/Recherche/Self-Adaptable_Virtual_Machine/selfadaptable-minijava/selfadaptable-minijava.lang.visitor/visitor-comp/visitor/operation/miniJava/TypeDeclarationOperation.java
/home/gjouneau/Documents/Recherche/Self-Adaptable_Virtual_Machine/selfadaptable-minijava/selfadaptable-minijava.lang.visitor/visitor-comp/visitor/operation/miniJava/ContextOperation.java
/home/gjouneau/Documents/Recherche/Self-Adaptable_Virtual_Machine/selfadaptable-minijava/selfadaptable-minijava.lang.visitor/visitor-comp/visitor/operation/miniJava/ModuloOperation.java
/home/gjouneau/Documents/Recherche/Self-Adaptable_Virtual_Machine/selfadaptable-minijava/selfadaptable-minijava.lang.visitor/visitor-comp/visitor/operation/miniJava/NullValueOperation.java
/home/gjouneau/Documents/Recherche/Self-Adaptable_Virtual_Machine/selfadaptable-minijava/selfadaptable-minijava.lang.visitor/visitor-comp/visitor/operation/miniJava/StringValueOperation.java
/home/gjouneau/Documents/Recherche/Self-Adaptable_Virtual_Machine/selfadaptable-minijava/selfadaptable-minijava.lang.visitor/visitor-comp/visitor/operation/miniJava/SymbolOperation.java
/home/gjouneau/Documents/Recherche/Self-Adaptable_Virtual_Machine/selfadaptable-minijava/selfadaptable-minijava.lang.visitor/visitor-comp/visitor/operation/miniJava/FrameOperation.java
/home/gjouneau/Documents/Recherche/Self-Adaptable_Virtual_Machine/selfadaptable-minijava/selfadaptable-minijava.lang.visitor/visitor-comp/visitor/operation/miniJava/SymbolToSymbolBindingMapOperation.java
/home/gjouneau/Documents/Recherche/Self-Adaptable_Virtual_Machine/selfadaptable-minijava/selfadaptable-minijava.lang.visitor/visitor-comp/visitor/operation/miniJava/SqrtOperation.java
/home/gjouneau/Documents/Recherche/Self-Adaptable_Virtual_Machine/selfadaptable-minijava/selfadaptable-minijava.lang.visitor/visitor-comp/visitor/operation/miniJava/ObjectInstanceOperation.java
/home/gjouneau/Documents/Recherche/Self-Adaptable_Virtual_Machine/selfadaptable-minijava/selfadaptable-minijava.lang.visitor/visitor-comp/visitor/operation/miniJava/NullOperation.java
/home/gjouneau/Documents/Recherche/Self-Adaptable_Virtual_Machine/selfadaptable-minijava/selfadaptable-minijava.lang.visitor/visitor-comp/visitor/operation/miniJava/VoidTypeRefOperation.java
/home/gjouneau/Documents/Recherche/Self-Adaptable_Virtual_Machine/selfadaptable-minijava/selfadaptable-minijava.lang.visitor/visitor-comp/visitor/operation/miniJava/NewObjectOperation.java
/home/gjouneau/Documents/Recherche/Self-Adaptable_Virtual_Machine/selfadaptable-minijava/selfadaptable-minijava.lang.visitor/visitor-comp/visitor/operation/miniJava/MethodOperation.java
/home/gjouneau/Documents/Recherche/Self-Adaptable_Virtual_Machine/selfadaptable-minijava/selfadaptable-minijava.lang.visitor/visitor-comp/visitor/operation/miniJava/StringTypeRefOperation.java
/home/gjouneau/Documents/Recherche/Self-Adaptable_Virtual_Machine/selfadaptable-minijava/selfadaptable-minijava.lang.visitor/visitor-comp/visitor/operation/miniJava/LoadImageOperation.java
/home/gjouneau/Documents/Recherche/Self-Adaptable_Virtual_Machine/selfadaptable-minijava/selfadaptable-minijava.lang.visitor/visitor-comp/visitor/operation/miniJava/NewCallOperation.java
/home/gjouneau/Documents/Recherche/Self-Adaptable_Virtual_Machine/selfadaptable-minijava/selfadaptable-minijava.lang.visitor/visitor-comp/visitor/operation/miniJava/FieldBindingOperation.java
/home/gjouneau/Documents/Recherche/Self-Adaptable_Virtual_Machine/selfadaptable-minijava/selfadaptable-minijava.lang.visitor/visitor-comp/visitor/operation/miniJava/ThisOperation.java
/home/gjouneau/Documents/Recherche/Self-Adaptable_Virtual_Machine/selfadaptable-minijava/selfadaptable-minijava.lang.visitor/visitor-comp/visitor/operation/miniJava/ClazzOperation.java
/home/gjouneau/Documents/Recherche/Self-Adaptable_Virtual_Machine/selfadaptable-minijava/selfadaptable-minijava.lang.visitor/visitor-comp/visitor/operation/miniJava/ArrayLengthOperation.java
/home/gjouneau/Documents/Recherche/Self-Adaptable_Virtual_Machine/selfadaptable-minijava/selfadaptable-minijava.lang.visitor/visitor-comp/visitor/operation/miniJava/ProgramOperation.java
/home/gjouneau/Documents/Recherche/Self-Adaptable_Virtual_Machine/selfadaptable-minijava/selfadaptable-minijava.lang.visitor/visitor-comp/visitor/operation/miniJava/StringConstantOperation.java
/home/gjouneau/Documents/Recherche/Self-Adaptable_Virtual_Machine/selfadaptable-minijava/selfadaptable-minijava.lang.visitor/visitor-comp/visitor/operation/miniJava/ClazzToMethodMapOperation.java
/home/gjouneau/Documents/Recherche/Self-Adaptable_Virtual_Machine/selfadaptable-minijava/selfadaptable-minijava.lang.visitor/visitor-comp/visitor/operation/miniJava/AssigneeOperation.java
/home/gjouneau/Documents/Recherche/Self-Adaptable_Virtual_Machine/selfadaptable-minijava/selfadaptable-minijava.lang.visitor/visitor-comp/visitor/operation/miniJava/ArrayTypeRefOperation.java
/home/gjouneau/Documents/Recherche/Self-Adaptable_Virtual_Machine/selfadaptable-minijava/selfadaptable-minijava.lang.visitor/visitor-comp/visitor/operation/miniJava/MethodCall2Operation.java
/home/gjouneau/Documents/Recherche/Self-Adaptable_Virtual_Machine/selfadaptable-minijava/selfadaptable-minijava.lang.visitor/visitor-comp/visitor/operation/miniJava/InferiorOrEqualOperation.java
/home/gjouneau/Documents/Recherche/Self-Adaptable_Virtual_Machine/selfadaptable-minijava/selfadaptable-minijava.lang.visitor/visitor-comp/visitor/operation/miniJava/IntegerTypeRefOperation.java
/home/gjouneau/Documents/Recherche/Self-Adaptable_Virtual_Machine/selfadaptable-minijava/selfadaptable-minijava.lang.visitor/visitor-comp/visitor/operation/miniJava/StatementOperation.java
/home/gjouneau/Documents/Recherche/Self-Adaptable_Virtual_Machine/selfadaptable-minijava/selfadaptable-minijava.lang.visitor/visitor-comp/visitor/operation/miniJava/MultiplicationOperation.java
/home/gjouneau/Documents/Recherche/Self-Adaptable_Virtual_Machine/selfadaptable-minijava/selfadaptable-minijava.lang.visitor/visitor-comp/visitor/operation/miniJava/InterfaceOperation.java
/home/gjouneau/Documents/Recherche/Self-Adaptable_Virtual_Machine/selfadaptable-minijava/selfadaptable-minijava.lang.visitor/visitor-comp/visitor/operation/miniJava/ObjectRefValueOperation.java
/home/gjouneau/Documents/Recherche/Self-Adaptable_Virtual_Machine/selfadaptable-minijava/selfadaptable-minijava.lang.visitor/visitor-comp/visitor/operation/miniJava/IntegerValueOperation.java
/home/gjouneau/Documents/Recherche/Self-Adaptable_Virtual_Machine/selfadaptable-minijava/selfadaptable-minijava.lang.visitor/visitor-comp/visitor/operation/miniJava/StateOperation.java
/home/gjouneau/Documents/Recherche/Self-Adaptable_Virtual_Machine/selfadaptable-minijava/selfadaptable-minijava.lang.visitor/visitor-comp/visitor/operation/miniJava/AndOperation.java
/home/gjouneau/Documents/Recherche/Self-Adaptable_Virtual_Machine/selfadaptable-minijava/selfadaptable-minijava.lang.visitor/visitor-comp/visitor/operation/miniJava/SymbolBindingOperation.java
/home/gjouneau/Documents/Recherche/Self-Adaptable_Virtual_Machine/selfadaptable-minijava/selfadaptable-minijava.lang.visitor/visitor-comp/visitor/operation/miniJava/ReturnOperation.java
/home/gjouneau/Documents/Recherche/Self-Adaptable_Virtual_Machine/selfadaptable-minijava/selfadaptable-minijava.lang.visitor/visitor-comp/visitor/operation/miniJava/NotOperation.java
/home/gjouneau/Documents/Recherche/Self-Adaptable_Virtual_Machine/selfadaptable-minijava/selfadaptable-minijava.lang.visitor/visitor-comp/visitor/operation/miniJava/BooleanValueOperation.java
/home/gjouneau/Documents/Recherche/Self-Adaptable_Virtual_Machine/selfadaptable-minijava/selfadaptable-minijava.lang.visitor/visitor-comp/visitor/operation/miniJava/NegOperation.java
/home/gjouneau/Documents/Recherche/Self-Adaptable_Virtual_Machine/selfadaptable-minijava/selfadaptable-minijava.lang.visitor/visitor-comp/visitor/operation/miniJava/MemberOperation.java
/home/gjouneau/Documents/Recherche/Self-Adaptable_Virtual_Machine/selfadaptable-minijava/selfadaptable-minijava.lang.visitor/visitor-comp/visitor/operation/miniJava/ValueOperation.java
/home/gjouneau/Documents/Recherche/Self-Adaptable_Virtual_Machine/selfadaptable-minijava/selfadaptable-minijava.lang.visitor/visitor-comp/visitor/operation/miniJava/WhileStatementOperation.java
/home/gjouneau/Documents/Recherche/Self-Adaptable_Virtual_Machine/selfadaptable-minijava/selfadaptable-minijava.lang.visitor/visitor-comp/visitor/operation/miniJava/ParameterOperation.java
/home/gjouneau/Documents/Recherche/Self-Adaptable_Virtual_Machine/selfadaptable-minijava/selfadaptable-minijava.lang.visitor/visitor-comp/visitor/operation/miniJava/PrintStatementOperation.java
/home/gjouneau/Documents/Recherche/Self-Adaptable_Virtual_Machine/selfadaptable-minijava/selfadaptable-minijava.lang.visitor/visitor-comp/visitor/operation/miniJava/SymbolRefOperation.java
/home/gjouneau/Documents/Recherche/Self-Adaptable_Virtual_Machine/selfadaptable-minijava/selfadaptable-minijava.lang.visitor/visitor-comp/visitor/operation/miniJava/EqualityOperation.java
/home/gjouneau/Documents/Recherche/Self-Adaptable_Virtual_Machine/selfadaptable-minijava/selfadaptable-minijava.lang.visitor/visitor-comp/visitor/operation/miniJava/FieldOperation.java
/home/gjouneau/Documents/Recherche/Self-Adaptable_Virtual_Machine/selfadaptable-minijava/selfadaptable-minijava.lang.visitor/visitor-comp/visitor/operation/miniJava/ArrayRefValueOperation.java
/home/gjouneau/Documents/Recherche/Self-Adaptable_Virtual_Machine/selfadaptable-minijava/selfadaptable-minijava.lang.visitor/visitor-comp/visitor/operation/miniJava/MethodCallOperation.java
/home/gjouneau/Documents/Recherche/Self-Adaptable_Virtual_Machine/selfadaptable-minijava/selfadaptable-minijava.lang.visitor/visitor-comp/visitor/operation/miniJava/ArrayAccessOperation.java
/home/gjouneau/Documents/Recherche/Self-Adaptable_Virtual_Machine/selfadaptable-minijava/selfadaptable-minijava.lang.visitor/visitor-comp/visitor/operation/miniJava/SuperOperation.java
/home/gjouneau/Documents/Recherche/Self-Adaptable_Virtual_Machine/selfadaptable-minijava/selfadaptable-minijava.lang.visitor/visitor-comp/visitor/operation/miniJava/AssignmentOperation.java
/home/gjouneau/Documents/Recherche/Self-Adaptable_Virtual_Machine/selfadaptable-minijava/selfadaptable-minijava.lang.visitor/visitor-comp/visitor/operation/miniJava/BoolConstantOperation.java
/home/gjouneau/Documents/Recherche/Self-Adaptable_Virtual_Machine/selfadaptable-minijava/selfadaptable-minijava.lang.visitor/visitor-comp/visitor/operation/miniJava/IntConstantOperation.java
/home/gjouneau/Documents/Recherche/Self-Adaptable_Virtual_Machine/selfadaptable-minijava/selfadaptable-minijava.lang.visitor/visitor-comp/visitor/operation/miniJava/VariableDeclarationOperation.java
/home/gjouneau/Documents/Recherche/Self-Adaptable_Virtual_Machine/selfadaptable-minijava/selfadaptable-minijava.lang.visitor/visitor-comp/visitor/operation/miniJava/impl/CallOperationImpl.java
/home/gjouneau/Documents/Recherche/Self-Adaptable_Virtual_Machine/selfadaptable-minijava/selfadaptable-minijava.lang.visitor/visitor-comp/visitor/operation/miniJava/impl/TypeRefOperationImpl.java
/home/gjouneau/Documents/Recherche/Self-Adaptable_Virtual_Machine/selfadaptable-minijava/selfadaptable-minijava.lang.visitor/visitor-comp/visitor/operation/miniJava/impl/ArrayLengthOperationImpl.java
/home/gjouneau/Documents/Recherche/Self-Adaptable_Virtual_Machine/selfadaptable-minijava/selfadaptable-minijava.lang.visitor/visitor-comp/visitor/operation/miniJava/impl/StringConstantOperationImpl.java
/home/gjouneau/Documents/Recherche/Self-Adaptable_Virtual_Machine/selfadaptable-minijava/selfadaptable-minijava.lang.visitor/visitor-comp/visitor/operation/miniJava/impl/ArrayRefValueOperationImpl.java
/home/gjouneau/Documents/Recherche/Self-Adaptable_Virtual_Machine/selfadaptable-minijava/selfadaptable-minijava.lang.visitor/visitor-comp/visitor/operation/miniJava/impl/SymbolRefOperationImpl.java
/home/gjouneau/Documents/Recherche/Self-Adaptable_Virtual_Machine/selfadaptable-minijava/selfadaptable-minijava.lang.visitor/visitor-comp/visitor/operation/miniJava/impl/LoadImageOperationImpl.java
/home/gjouneau/Documents/Recherche/Self-Adaptable_Virtual_Machine/selfadaptable-minijava/selfadaptable-minijava.lang.visitor/visitor-comp/visitor/operation/miniJava/impl/SqrtOperationImpl.java
/home/gjouneau/Documents/Recherche/Self-Adaptable_Virtual_Machine/selfadaptable-minijava/selfadaptable-minijava.lang.visitor/visitor-comp/visitor/operation/miniJava/impl/BooleanValueOperationImpl.java
/home/gjouneau/Documents/Recherche/Self-Adaptable_Virtual_Machine/selfadaptable-minijava/selfadaptable-minijava.lang.visitor/visitor-comp/visitor/operation/miniJava/impl/SuperiorOperationImpl.java
/home/gjouneau/Documents/Recherche/Self-Adaptable_Virtual_Machine/selfadaptable-minijava/selfadaptable-minijava.lang.visitor/visitor-comp/visitor/operation/miniJava/impl/SymbolOperationImpl.java
/home/gjouneau/Documents/Recherche/Self-Adaptable_Virtual_Machine/selfadaptable-minijava/selfadaptable-minijava.lang.visitor/visitor-comp/visitor/operation/miniJava/impl/ProgramOperationImpl.java
/home/gjouneau/Documents/Recherche/Self-Adaptable_Virtual_Machine/selfadaptable-minijava/selfadaptable-minijava.lang.visitor/visitor-comp/visitor/operation/miniJava/impl/StringTypeRefOperationImpl.java
/home/gjouneau/Documents/Recherche/Self-Adaptable_Virtual_Machine/selfadaptable-minijava/selfadaptable-minijava.lang.visitor/visitor-comp/visitor/operation/miniJava/impl/MinusOperationImpl.java
/home/gjouneau/Documents/Recherche/Self-Adaptable_Virtual_Machine/selfadaptable-minijava/selfadaptable-minijava.lang.visitor/visitor-comp/visitor/operation/miniJava/impl/FieldBindingOperationImpl.java
/home/gjouneau/Documents/Recherche/Self-Adaptable_Virtual_Machine/selfadaptable-minijava/selfadaptable-minijava.lang.visitor/visitor-comp/visitor/operation/miniJava/impl/AndOperationImpl.java
/home/gjouneau/Documents/Recherche/Self-Adaptable_Virtual_Machine/selfadaptable-minijava/selfadaptable-minijava.lang.visitor/visitor-comp/visitor/operation/miniJava/impl/ContextOperationImpl.java
/home/gjouneau/Documents/Recherche/Self-Adaptable_Virtual_Machine/selfadaptable-minijava/selfadaptable-minijava.lang.visitor/visitor-comp/visitor/operation/miniJava/impl/IntegerTypeRefOperationImpl.java
/home/gjouneau/Documents/Recherche/Self-Adaptable_Virtual_Machine/selfadaptable-minijava/selfadaptable-minijava.lang.visitor/visitor-comp/visitor/operation/miniJava/impl/IntegerValueOperationImpl.java
/home/gjouneau/Documents/Recherche/Self-Adaptable_Virtual_Machine/selfadaptable-minijava/selfadaptable-minijava.lang.visitor/visitor-comp/visitor/operation/miniJava/impl/PrintStatementOperationImpl.java
/home/gjouneau/Documents/Recherche/Self-Adaptable_Virtual_Machine/selfadaptable-minijava/selfadaptable-minijava.lang.visitor/visitor-comp/visitor/operation/miniJava/impl/WriteImageOperationImpl.java
/home/gjouneau/Documents/Recherche/Self-Adaptable_Virtual_Machine/selfadaptable-minijava/selfadaptable-minijava.lang.visitor/visitor-comp/visitor/operation/miniJava/impl/BlockOperationImpl.java
/home/gjouneau/Documents/Recherche/Self-Adaptable_Virtual_Machine/selfadaptable-minijava/selfadaptable-minijava.lang.visitor/visitor-comp/visitor/operation/miniJava/impl/MemberOperationImpl.java
/home/gjouneau/Documents/Recherche/Self-Adaptable_Virtual_Machine/selfadaptable-minijava/selfadaptable-minijava.lang.visitor/visitor-comp/visitor/operation/miniJava/impl/NewCallOperationImpl.java
/home/gjouneau/Documents/Recherche/Self-Adaptable_Virtual_Machine/selfadaptable-minijava/selfadaptable-minijava.lang.visitor/visitor-comp/visitor/operation/miniJava/impl/ClazzToMethodMapOperationImpl.java
/home/gjouneau/Documents/Recherche/Self-Adaptable_Virtual_Machine/selfadaptable-minijava/selfadaptable-minijava.lang.visitor/visitor-comp/visitor/operation/miniJava/impl/WhileStatementOperationImpl.java
/home/gjouneau/Documents/Recherche/Self-Adaptable_Virtual_Machine/selfadaptable-minijava/selfadaptable-minijava.lang.visitor/visitor-comp/visitor/operation/miniJava/impl/VoidTypeRefOperationImpl.java
/home/gjouneau/Documents/Recherche/Self-Adaptable_Virtual_Machine/selfadaptable-minijava/selfadaptable-minijava.lang.visitor/visitor-comp/visitor/operation/miniJava/impl/StateOperationImpl.java
/home/gjouneau/Documents/Recherche/Self-Adaptable_Virtual_Machine/selfadaptable-minijava/selfadaptable-minijava.lang.visitor/visitor-comp/visitor/operation/miniJava/impl/NegOperationImpl.java
/home/gjouneau/Documents/Recherche/Self-Adaptable_Virtual_Machine/selfadaptable-minijava/selfadaptable-minijava.lang.visitor/visitor-comp/visitor/operation/miniJava/impl/InferiorOperationImpl.java
/home/gjouneau/Documents/Recherche/Self-Adaptable_Virtual_Machine/selfadaptable-minijava/selfadaptable-minijava.lang.visitor/visitor-comp/visitor/operation/miniJava/impl/ExpressionOperationImpl.java
/home/gjouneau/Documents/Recherche/Self-Adaptable_Virtual_Machine/selfadaptable-minijava/selfadaptable-minijava.lang.visitor/visitor-comp/visitor/operation/miniJava/impl/ObjectInstanceOperationImpl.java
/home/gjouneau/Documents/Recherche/Self-Adaptable_Virtual_Machine/selfadaptable-minijava/selfadaptable-minijava.lang.visitor/visitor-comp/visitor/operation/miniJava/impl/SuperOperationImpl.java
/home/gjouneau/Documents/Recherche/Self-Adaptable_Virtual_Machine/selfadaptable-minijava/selfadaptable-minijava.lang.visitor/visitor-comp/visitor/operation/miniJava/impl/OrOperationImpl.java
/home/gjouneau/Documents/Recherche/Self-Adaptable_Virtual_Machine/selfadaptable-minijava/selfadaptable-minijava.lang.visitor/visitor-comp/visitor/operation/miniJava/impl/ReturnOperationImpl.java
/home/gjouneau/Documents/Recherche/Self-Adaptable_Virtual_Machine/selfadaptable-minijava/selfadaptable-minijava.lang.visitor/visitor-comp/visitor/operation/miniJava/impl/FrameOperationImpl.java
/home/gjouneau/Documents/Recherche/Self-Adaptable_Virtual_Machine/selfadaptable-minijava/selfadaptable-minijava.lang.visitor/visitor-comp/visitor/operation/miniJava/impl/NullValueOperationImpl.java
/home/gjouneau/Documents/Recherche/Self-Adaptable_Virtual_Machine/selfadaptable-minijava/selfadaptable-minijava.lang.visitor/visitor-comp/visitor/operation/miniJava/impl/ThisOperationImpl.java
/home/gjouneau/Documents/Recherche/Self-Adaptable_Virtual_Machine/selfadaptable-minijava/selfadaptable-minijava.lang.visitor/visitor-comp/visitor/operation/miniJava/impl/ClassRefOperationImpl.java
/home/gjouneau/Documents/Recherche/Self-Adaptable_Virtual_Machine/selfadaptable-minijava/selfadaptable-minijava.lang.visitor/visitor-comp/visitor/operation/miniJava/impl/MultiplicationOperationImpl.java
/home/gjouneau/Documents/Recherche/Self-Adaptable_Virtual_Machine/selfadaptable-minijava/selfadaptable-minijava.lang.visitor/visitor-comp/visitor/operation/miniJava/impl/MethodCall2OperationImpl.java
/home/gjouneau/Documents/Recherche/Self-Adaptable_Virtual_Machine/selfadaptable-minijava/selfadaptable-minijava.lang.visitor/visitor-comp/visitor/operation/miniJava/impl/SymbolBindingOperationImpl.java
/home/gjouneau/Documents/Recherche/Self-Adaptable_Virtual_Machine/selfadaptable-minijava/selfadaptable-minijava.lang.visitor/visitor-comp/visitor/operation/miniJava/impl/MethodCallOperationImpl.java
/home/gjouneau/Documents/Recherche/Self-Adaptable_Virtual_Machine/selfadaptable-minijava/selfadaptable-minijava.lang.visitor/visitor-comp/visitor/operation/miniJava/impl/ArrayAccessOperationImpl.java
/home/gjouneau/Documents/Recherche/Self-Adaptable_Virtual_Machine/selfadaptable-minijava/selfadaptable-minijava.lang.visitor/visitor-comp/visitor/operation/miniJava/impl/ArrayTypeRefOperationImpl.java
/home/gjouneau/Documents/Recherche/Self-Adaptable_Virtual_Machine/selfadaptable-minijava/selfadaptable-minijava.lang.visitor/visitor-comp/visitor/operation/miniJava/impl/ArrayInstanceOperationImpl.java
/home/gjouneau/Documents/Recherche/Self-Adaptable_Virtual_Machine/selfadaptable-minijava/selfadaptable-minijava.lang.visitor/visitor-comp/visitor/operation/miniJava/impl/ImportOperationImpl.java
/home/gjouneau/Documents/Recherche/Self-Adaptable_Virtual_Machine/selfadaptable-minijava/selfadaptable-minijava.lang.visitor/visitor-comp/visitor/operation/miniJava/impl/AssigneeOperationImpl.java
/home/gjouneau/Documents/Recherche/Self-Adaptable_Virtual_Machine/selfadaptable-minijava/selfadaptable-minijava.lang.visitor/visitor-comp/visitor/operation/miniJava/impl/ObjectRefValueOperationImpl.java
/home/gjouneau/Documents/Recherche/Self-Adaptable_Virtual_Machine/selfadaptable-minijava/selfadaptable-minijava.lang.visitor/visitor-comp/visitor/operation/miniJava/impl/ForStatementOperationImpl.java
/home/gjouneau/Documents/Recherche/Self-Adaptable_Virtual_Machine/selfadaptable-minijava/selfadaptable-minijava.lang.visitor/visitor-comp/visitor/operation/miniJava/impl/BoolConstantOperationImpl.java
/home/gjouneau/Documents/Recherche/Self-Adaptable_Virtual_Machine/selfadaptable-minijava/selfadaptable-minijava.lang.visitor/visitor-comp/visitor/operation/miniJava/impl/DivisionOperationImpl.java
/home/gjouneau/Documents/Recherche/Self-Adaptable_Virtual_Machine/selfadaptable-minijava/selfadaptable-minijava.lang.visitor/visitor-comp/visitor/operation/miniJava/impl/InferiorOrEqualOperationImpl.java
/home/gjouneau/Documents/Recherche/Self-Adaptable_Virtual_Machine/selfadaptable-minijava/selfadaptable-minijava.lang.visitor/visitor-comp/visitor/operation/miniJava/impl/ValueOperationImpl.java
/home/gjouneau/Documents/Recherche/Self-Adaptable_Virtual_Machine/selfadaptable-minijava/selfadaptable-minijava.lang.visitor/visitor-comp/visitor/operation/miniJava/impl/TypedDeclarationOperationImpl.java
/home/gjouneau/Documents/Recherche/Self-Adaptable_Virtual_Machine/selfadaptable-minijava/selfadaptable-minijava.lang.visitor/visitor-comp/visitor/operation/miniJava/impl/ClazzOperationImpl.java
/home/gjouneau/Documents/Recherche/Self-Adaptable_Virtual_Machine/selfadaptable-minijava/selfadaptable-minijava.lang.visitor/visitor-comp/visitor/operation/miniJava/impl/IfStatementOperationImpl.java
/home/gjouneau/Documents/Recherche/Self-Adaptable_Virtual_Machine/selfadaptable-minijava/selfadaptable-minijava.lang.visitor/visitor-comp/visitor/operation/miniJava/impl/AssignmentOperationImpl.java
/home/gjouneau/Documents/Recherche/Self-Adaptable_Virtual_Machine/selfadaptable-minijava/selfadaptable-minijava.lang.visitor/visitor-comp/visitor/operation/miniJava/impl/NewArrayOperationImpl.java
/home/gjouneau/Documents/Recherche/Self-Adaptable_Virtual_Machine/selfadaptable-minijava/selfadaptable-minijava.lang.visitor/visitor-comp/visitor/operation/miniJava/impl/NotOperationImpl.java
/home/gjouneau/Documents/Recherche/Self-Adaptable_Virtual_Machine/selfadaptable-minijava/selfadaptable-minijava.lang.visitor/visitor-comp/visitor/operation/miniJava/impl/OutputStreamOperationImpl.java
/home/gjouneau/Documents/Recherche/Self-Adaptable_Virtual_Machine/selfadaptable-minijava/selfadaptable-minijava.lang.visitor/visitor-comp/visitor/operation/miniJava/impl/SymbolToSymbolBindingMapOperationImpl.java
/home/gjouneau/Documents/Recherche/Self-Adaptable_Virtual_Machine/selfadaptable-minijava/selfadaptable-minijava.lang.visitor/visitor-comp/visitor/operation/miniJava/impl/IntConstantOperationImpl.java
/home/gjouneau/Documents/Recherche/Self-Adaptable_Virtual_Machine/selfadaptable-minijava/selfadaptable-minijava.lang.visitor/visitor-comp/visitor/operation/miniJava/impl/BooleanTypeRefOperationImpl.java
/home/gjouneau/Documents/Recherche/Self-Adaptable_Virtual_Machine/selfadaptable-minijava/selfadaptable-minijava.lang.visitor/visitor-comp/visitor/operation/miniJava/impl/NewObjectOperationImpl.java
/home/gjouneau/Documents/Recherche/Self-Adaptable_Virtual_Machine/selfadaptable-minijava/selfadaptable-minijava.lang.visitor/visitor-comp/visitor/operation/miniJava/impl/NullOperationImpl.java
/home/gjouneau/Documents/Recherche/Self-Adaptable_Virtual_Machine/selfadaptable-minijava/selfadaptable-minijava.lang.visitor/visitor-comp/visitor/operation/miniJava/impl/EqualityOperationImpl.java
/home/gjouneau/Documents/Recherche/Self-Adaptable_Virtual_Machine/selfadaptable-minijava/selfadaptable-minijava.lang.visitor/visitor-comp/visitor/operation/miniJava/impl/InequalityOperationImpl.java
/home/gjouneau/Documents/Recherche/Self-Adaptable_Virtual_Machine/selfadaptable-minijava/selfadaptable-minijava.lang.visitor/visitor-comp/visitor/operation/miniJava/impl/ModuloOperationImpl.java
/home/gjouneau/Documents/Recherche/Self-Adaptable_Virtual_Machine/selfadaptable-minijava/selfadaptable-minijava.lang.visitor/visitor-comp/visitor/operation/miniJava/impl/SingleTypeRefOperationImpl.java
/home/gjouneau/Documents/Recherche/Self-Adaptable_Virtual_Machine/selfadaptable-minijava/selfadaptable-minijava.lang.visitor/visitor-comp/visitor/operation/miniJava/impl/TypeDeclarationOperationImpl.java
/home/gjouneau/Documents/Recherche/Self-Adaptable_Virtual_Machine/selfadaptable-minijava/selfadaptable-minijava.lang.visitor/visitor-comp/visitor/operation/miniJava/impl/NamedElementOperationImpl.java
/home/gjouneau/Documents/Recherche/Self-Adaptable_Virtual_Machine/selfadaptable-minijava/selfadaptable-minijava.lang.visitor/visitor-comp/visitor/operation/miniJava/impl/VariableDeclarationOperationImpl.java
/home/gjouneau/Documents/Recherche/Self-Adaptable_Virtual_Machine/selfadaptable-minijava/selfadaptable-minijava.lang.visitor/visitor-comp/visitor/operation/miniJava/impl/FieldOperationImpl.java
/home/gjouneau/Documents/Recherche/Self-Adaptable_Virtual_Machine/selfadaptable-minijava/selfadaptable-minijava.lang.visitor/visitor-comp/visitor/operation/miniJava/impl/StringValueOperationImpl.java
/home/gjouneau/Documents/Recherche/Self-Adaptable_Virtual_Machine/selfadaptable-minijava/selfadaptable-minijava.lang.visitor/visitor-comp/visitor/operation/miniJava/impl/PlusOperationImpl.java
/home/gjouneau/Documents/Recherche/Self-Adaptable_Virtual_Machine/selfadaptable-minijava/selfadaptable-minijava.lang.visitor/visitor-comp/visitor/operation/miniJava/impl/InterfaceOperationImpl.java
/home/gjouneau/Documents/Recherche/Self-Adaptable_Virtual_Machine/selfadaptable-minijava/selfadaptable-minijava.lang.visitor/visitor-comp/visitor/operation/miniJava/impl/StatementOperationImpl.java
/home/gjouneau/Documents/Recherche/Self-Adaptable_Virtual_Machine/selfadaptable-minijava/selfadaptable-minijava.lang.visitor/visitor-comp/visitor/operation/miniJava/impl/ParameterOperationImpl.java
/home/gjouneau/Documents/Recherche/Self-Adaptable_Virtual_Machine/selfadaptable-minijava/selfadaptable-minijava.lang.visitor/visitor-comp/visitor/operation/miniJava/impl/SuperiorOrEqualOperationImpl.java
/home/gjouneau/Documents/Recherche/Self-Adaptable_Virtual_Machine/selfadaptable-minijava/selfadaptable-minijava.lang.visitor/visitor-comp/visitor/operation/miniJava/impl/MethodOperationImpl.java
/home/gjouneau/Documents/Recherche/Self-Adaptable_Virtual_Machine/selfadaptable-minijava/selfadaptable-minijava.lang.visitor/visitor-comp/visitor/operation/miniJava/impl/FieldAccessOperationImpl.java
/home/gjouneau/Documents/Recherche/Self-Adaptable_Virtual_Machine/selfadaptable-minijava/selfadaptable-minijava.lang.visitor/visitor-comp/visitor/operation/miniJava/CallOperation.java
/home/gjouneau/Documents/Recherche/Self-Adaptable_Virtual_Machine/selfadaptable-minijava/selfadaptable-minijava.lang.visitor/visitor-comp/visitor/operation/miniJava/SuperiorOrEqualOperation.java
/home/gjouneau/Documents/Recherche/Self-Adaptable_Virtual_Machine/selfadaptable-minijava/selfadaptable-minijava.lang.visitor/visitor-comp/visitor/operation/miniJava/OutputStreamOperation.java
/home/gjouneau/Documents/Recherche/Self-Adaptable_Virtual_Machine/selfadaptable-minijava/selfadaptable-minijava.lang.visitor/visitor-comp/visitor/operation/miniJava/MinusOperation.java
/home/gjouneau/Documents/Recherche/Self-Adaptable_Virtual_Machine/selfadaptable-minijava/selfadaptable-minijava.lang.visitor/visitor-comp/visitor/operation/miniJava/DivisionOperation.java
/home/gjouneau/Documents/Recherche/Self-Adaptable_Virtual_Machine/selfadaptable-minijava/selfadaptable-minijava.lang.visitor/visitor-comp/visitor/operation/miniJava/PlusOperation.java
/home/gjouneau/Documents/Recherche/Self-Adaptable_Virtual_Machine/selfadaptable-minijava/selfadaptable-minijava.lang.visitor/visitor-comp/visitor/VisitorInterface.java
/home/gjouneau/Documents/Recherche/Self-Adaptable_Virtual_Machine/selfadaptable-minijava/selfadaptable-minijava.lang.visitor/visitor-comp/visitor/VisitorImplementation.java
/home/gjouneau/Documents/Recherche/Self-Adaptable_Virtual_Machine/selfadaptable-minijava/selfadaptable-minijava.lang.visitor/visitor-comp/miniJava/visitor/miniJava/IntegerValue.java
/home/gjouneau/Documents/Recherche/Self-Adaptable_Virtual_Machine/selfadaptable-minijava/selfadaptable-minijava.lang.visitor/visitor-comp/miniJava/visitor/miniJava/Statement.java
/home/gjouneau/Documents/Recherche/Self-Adaptable_Virtual_Machine/selfadaptable-minijava/selfadaptable-minijava.lang.visitor/visitor-comp/miniJava/visitor/miniJava/VariableDeclaration.java
/home/gjouneau/Documents/Recherche/Self-Adaptable_Virtual_Machine/selfadaptable-minijava/selfadaptable-minijava.lang.visitor/visitor-comp/miniJava/visitor/miniJava/FieldBinding.java
/home/gjouneau/Documents/Recherche/Self-Adaptable_Virtual_Machine/selfadaptable-minijava/selfadaptable-minijava.lang.visitor/visitor-comp/miniJava/visitor/miniJava/StringConstant.java
/home/gjouneau/Documents/Recherche/Self-Adaptable_Virtual_Machine/selfadaptable-minijava/selfadaptable-minijava.lang.visitor/visitor-comp/miniJava/visitor/miniJava/PrintStatement.java
/home/gjouneau/Documents/Recherche/Self-Adaptable_Virtual_Machine/selfadaptable-minijava/selfadaptable-minijava.lang.visitor/visitor-comp/miniJava/visitor/miniJava/MiniJavaPackage.java
/home/gjouneau/Documents/Recherche/Self-Adaptable_Virtual_Machine/selfadaptable-minijava/selfadaptable-minijava.lang.visitor/visitor-comp/miniJava/visitor/miniJava/BoolConstant.java
/home/gjouneau/Documents/Recherche/Self-Adaptable_Virtual_Machine/selfadaptable-minijava/selfadaptable-minijava.lang.visitor/visitor-comp/miniJava/visitor/miniJava/Minus.java
/home/gjouneau/Documents/Recherche/Self-Adaptable_Virtual_Machine/selfadaptable-minijava/selfadaptable-minijava.lang.visitor/visitor-comp/miniJava/visitor/miniJava/Symbol.java
/home/gjouneau/Documents/Recherche/Self-Adaptable_Virtual_Machine/selfadaptable-minijava/selfadaptable-minijava.lang.visitor/visitor-comp/miniJava/visitor/miniJava/IfStatement.java
/home/gjouneau/Documents/Recherche/Self-Adaptable_Virtual_Machine/selfadaptable-minijava/selfadaptable-minijava.lang.visitor/visitor-comp/miniJava/visitor/miniJava/Import.java
/home/gjouneau/Documents/Recherche/Self-Adaptable_Virtual_Machine/selfadaptable-minijava/selfadaptable-minijava.lang.visitor/visitor-comp/miniJava/visitor/miniJava/WriteImage.java
/home/gjouneau/Documents/Recherche/Self-Adaptable_Virtual_Machine/selfadaptable-minijava/selfadaptable-minijava.lang.visitor/visitor-comp/miniJava/visitor/miniJava/Null.java
/home/gjouneau/Documents/Recherche/Self-Adaptable_Virtual_Machine/selfadaptable-minijava/selfadaptable-minijava.lang.visitor/visitor-comp/miniJava/visitor/miniJava/ObjectRefValue.java
/home/gjouneau/Documents/Recherche/Self-Adaptable_Virtual_Machine/selfadaptable-minijava/selfadaptable-minijava.lang.visitor/visitor-comp/miniJava/visitor/miniJava/Parameter.java
/home/gjouneau/Documents/Recherche/Self-Adaptable_Virtual_Machine/selfadaptable-minijava/selfadaptable-minijava.lang.visitor/visitor-comp/miniJava/visitor/miniJava/Block.java
/home/gjouneau/Documents/Recherche/Self-Adaptable_Virtual_Machine/selfadaptable-minijava/selfadaptable-minijava.lang.visitor/visitor-comp/miniJava/visitor/miniJava/Method.java
/home/gjouneau/Documents/Recherche/Self-Adaptable_Virtual_Machine/selfadaptable-minijava/selfadaptable-minijava.lang.visitor/visitor-comp/miniJava/visitor/miniJava/SuperiorOrEqual.java
/home/gjouneau/Documents/Recherche/Self-Adaptable_Virtual_Machine/selfadaptable-minijava/selfadaptable-minijava.lang.visitor/visitor-comp/miniJava/visitor/miniJava/Program.java
/home/gjouneau/Documents/Recherche/Self-Adaptable_Virtual_Machine/selfadaptable-minijava/selfadaptable-minijava.lang.visitor/visitor-comp/miniJava/visitor/miniJava/ForStatement.java
/home/gjouneau/Documents/Recherche/Self-Adaptable_Virtual_Machine/selfadaptable-minijava/selfadaptable-minijava.lang.visitor/visitor-comp/miniJava/visitor/miniJava/Not.java
/home/gjouneau/Documents/Recherche/Self-Adaptable_Virtual_Machine/selfadaptable-minijava/selfadaptable-minijava.lang.visitor/visitor-comp/miniJava/visitor/miniJava/Superior.java
/home/gjouneau/Documents/Recherche/Self-Adaptable_Virtual_Machine/selfadaptable-minijava/selfadaptable-minijava.lang.visitor/visitor-comp/miniJava/visitor/miniJava/InferiorOrEqual.java
/home/gjouneau/Documents/Recherche/Self-Adaptable_Virtual_Machine/selfadaptable-minijava/selfadaptable-minijava.lang.visitor/visitor-comp/miniJava/visitor/miniJava/TypeRef.java
/home/gjouneau/Documents/Recherche/Self-Adaptable_Virtual_Machine/selfadaptable-minijava/selfadaptable-minijava.lang.visitor/visitor-comp/miniJava/visitor/miniJava/Context.java
/home/gjouneau/Documents/Recherche/Self-Adaptable_Virtual_Machine/selfadaptable-minijava/selfadaptable-minijava.lang.visitor/visitor-comp/miniJava/visitor/miniJava/Assignee.java
/home/gjouneau/Documents/Recherche/Self-Adaptable_Virtual_Machine/selfadaptable-minijava/selfadaptable-minijava.lang.visitor/visitor-comp/miniJava/visitor/miniJava/MiniJavaFactory.java
/home/gjouneau/Documents/Recherche/Self-Adaptable_Virtual_Machine/selfadaptable-minijava/selfadaptable-minijava.lang.visitor/visitor-comp/miniJava/visitor/miniJava/Division.java
/home/gjouneau/Documents/Recherche/Self-Adaptable_Virtual_Machine/selfadaptable-minijava/selfadaptable-minijava.lang.visitor/visitor-comp/miniJava/visitor/miniJava/ArrayTypeRef.java
/home/gjouneau/Documents/Recherche/Self-Adaptable_Virtual_Machine/selfadaptable-minijava/selfadaptable-minijava.lang.visitor/visitor-comp/miniJava/visitor/miniJava/Frame.java
/home/gjouneau/Documents/Recherche/Self-Adaptable_Virtual_Machine/selfadaptable-minijava/selfadaptable-minijava.lang.visitor/visitor-comp/miniJava/visitor/miniJava/Multiplication.java
/home/gjouneau/Documents/Recherche/Self-Adaptable_Virtual_Machine/selfadaptable-minijava/selfadaptable-minijava.lang.visitor/visitor-comp/miniJava/visitor/miniJava/Expression.java
/home/gjouneau/Documents/Recherche/Self-Adaptable_Virtual_Machine/selfadaptable-minijava/selfadaptable-minijava.lang.visitor/visitor-comp/miniJava/visitor/miniJava/StringValue.java
/home/gjouneau/Documents/Recherche/Self-Adaptable_Virtual_Machine/selfadaptable-minijava/selfadaptable-minijava.lang.visitor/visitor-comp/miniJava/visitor/miniJava/LoadImage.java
/home/gjouneau/Documents/Recherche/Self-Adaptable_Virtual_Machine/selfadaptable-minijava/selfadaptable-minijava.lang.visitor/visitor-comp/miniJava/visitor/miniJava/State.java
/home/gjouneau/Documents/Recherche/Self-Adaptable_Virtual_Machine/selfadaptable-minijava/selfadaptable-minijava.lang.visitor/visitor-comp/miniJava/visitor/miniJava/Value.java
/home/gjouneau/Documents/Recherche/Self-Adaptable_Virtual_Machine/selfadaptable-minijava/selfadaptable-minijava.lang.visitor/visitor-comp/miniJava/visitor/miniJava/And.java
/home/gjouneau/Documents/Recherche/Self-Adaptable_Virtual_Machine/selfadaptable-minijava/selfadaptable-minijava.lang.visitor/visitor-comp/miniJava/visitor/miniJava/Return.java
/home/gjouneau/Documents/Recherche/Self-Adaptable_Virtual_Machine/selfadaptable-minijava/selfadaptable-minijava.lang.visitor/visitor-comp/miniJava/visitor/miniJava/NewObject.java
/home/gjouneau/Documents/Recherche/Self-Adaptable_Virtual_Machine/selfadaptable-minijava/selfadaptable-minijava.lang.visitor/visitor-comp/miniJava/visitor/miniJava/Member.java
/home/gjouneau/Documents/Recherche/Self-Adaptable_Virtual_Machine/selfadaptable-minijava/selfadaptable-minijava.lang.visitor/visitor-comp/miniJava/visitor/miniJava/Clazz.java
/home/gjouneau/Documents/Recherche/Self-Adaptable_Virtual_Machine/selfadaptable-minijava/selfadaptable-minijava.lang.visitor/visitor-comp/miniJava/visitor/miniJava/NamedElement.java
/home/gjouneau/Documents/Recherche/Self-Adaptable_Virtual_Machine/selfadaptable-minijava/selfadaptable-minijava.lang.visitor/visitor-comp/miniJava/visitor/miniJava/Inequality.java
/home/gjouneau/Documents/Recherche/Self-Adaptable_Virtual_Machine/selfadaptable-minijava/selfadaptable-minijava.lang.visitor/visitor-comp/miniJava/visitor/miniJava/Or.java
/home/gjouneau/Documents/Recherche/Self-Adaptable_Virtual_Machine/selfadaptable-minijava/selfadaptable-minijava.lang.visitor/visitor-comp/miniJava/visitor/miniJava/ArrayInstance.java
/home/gjouneau/Documents/Recherche/Self-Adaptable_Virtual_Machine/selfadaptable-minijava/selfadaptable-minijava.lang.visitor/visitor-comp/miniJava/visitor/miniJava/SingleTypeRef.java
/home/gjouneau/Documents/Recherche/Self-Adaptable_Virtual_Machine/selfadaptable-minijava/selfadaptable-minijava.lang.visitor/visitor-comp/miniJava/visitor/miniJava/NewArray.java
/home/gjouneau/Documents/Recherche/Self-Adaptable_Virtual_Machine/selfadaptable-minijava/selfadaptable-minijava.lang.visitor/visitor-comp/miniJava/visitor/miniJava/Assignment.java
/home/gjouneau/Documents/Recherche/Self-Adaptable_Virtual_Machine/selfadaptable-minijava/selfadaptable-minijava.lang.visitor/visitor-comp/miniJava/visitor/miniJava/StringTypeRef.java
/home/gjouneau/Documents/Recherche/Self-Adaptable_Virtual_Machine/selfadaptable-minijava/selfadaptable-minijava.lang.visitor/visitor-comp/miniJava/visitor/miniJava/ClassRef.java
/home/gjouneau/Documents/Recherche/Self-Adaptable_Virtual_Machine/selfadaptable-minijava/selfadaptable-minijava.lang.visitor/visitor-comp/miniJava/visitor/miniJava/This.java
/home/gjouneau/Documents/Recherche/Self-Adaptable_Virtual_Machine/selfadaptable-minijava/selfadaptable-minijava.lang.visitor/visitor-comp/miniJava/visitor/miniJava/MethodCall.java
/home/gjouneau/Documents/Recherche/Self-Adaptable_Virtual_Machine/selfadaptable-minijava/selfadaptable-minijava.lang.visitor/visitor-comp/miniJava/visitor/miniJava/ArrayLength.java
/home/gjouneau/Documents/Recherche/Self-Adaptable_Virtual_Machine/selfadaptable-minijava/selfadaptable-minijava.lang.visitor/visitor-comp/miniJava/visitor/miniJava/ClazzToMethodMap.java
/home/gjouneau/Documents/Recherche/Self-Adaptable_Virtual_Machine/selfadaptable-minijava/selfadaptable-minijava.lang.visitor/visitor-comp/miniJava/visitor/miniJava/Neg.java
/home/gjouneau/Documents/Recherche/Self-Adaptable_Virtual_Machine/selfadaptable-minijava/selfadaptable-minijava.lang.visitor/visitor-comp/miniJava/visitor/miniJava/Equality.java
/home/gjouneau/Documents/Recherche/Self-Adaptable_Virtual_Machine/selfadaptable-minijava/selfadaptable-minijava.lang.visitor/visitor-comp/miniJava/visitor/miniJava/ArrayRefValue.java
/home/gjouneau/Documents/Recherche/Self-Adaptable_Virtual_Machine/selfadaptable-minijava/selfadaptable-minijava.lang.visitor/visitor-comp/miniJava/visitor/miniJava/WhileStatement.java
/home/gjouneau/Documents/Recherche/Self-Adaptable_Virtual_Machine/selfadaptable-minijava/selfadaptable-minijava.lang.visitor/visitor-comp/miniJava/visitor/miniJava/Inferior.java
/home/gjouneau/Documents/Recherche/Self-Adaptable_Virtual_Machine/selfadaptable-minijava/selfadaptable-minijava.lang.visitor/visitor-comp/miniJava/visitor/miniJava/NewCall.java
/home/gjouneau/Documents/Recherche/Self-Adaptable_Virtual_Machine/selfadaptable-minijava/selfadaptable-minijava.lang.visitor/visitor-comp/miniJava/visitor/miniJava/SymbolRef.java
/home/gjouneau/Documents/Recherche/Self-Adaptable_Virtual_Machine/selfadaptable-minijava/selfadaptable-minijava.lang.visitor/visitor-comp/miniJava/visitor/miniJava/FieldAccess.java
/home/gjouneau/Documents/Recherche/Self-Adaptable_Virtual_Machine/selfadaptable-minijava/selfadaptable-minijava.lang.visitor/visitor-comp/miniJava/visitor/miniJava/MethodCall2.java
/home/gjouneau/Documents/Recherche/Self-Adaptable_Virtual_Machine/selfadaptable-minijava/selfadaptable-minijava.lang.visitor/visitor-comp/miniJava/visitor/miniJava/NullValue.java
/home/gjouneau/Documents/Recherche/Self-Adaptable_Virtual_Machine/selfadaptable-minijava/selfadaptable-minijava.lang.visitor/visitor-comp/miniJava/visitor/miniJava/Interface.java
/home/gjouneau/Documents/Recherche/Self-Adaptable_Virtual_Machine/selfadaptable-minijava/selfadaptable-minijava.lang.visitor/visitor-comp/miniJava/visitor/miniJava/AccessLevel.java
/home/gjouneau/Documents/Recherche/Self-Adaptable_Virtual_Machine/selfadaptable-minijava/selfadaptable-minijava.lang.visitor/visitor-comp/miniJava/visitor/miniJava/Sqrt.java
/home/gjouneau/Documents/Recherche/Self-Adaptable_Virtual_Machine/selfadaptable-minijava/selfadaptable-minijava.lang.visitor/visitor-comp/miniJava/visitor/miniJava/OutputStream.java
/home/gjouneau/Documents/Recherche/Self-Adaptable_Virtual_Machine/selfadaptable-minijava/selfadaptable-minijava.lang.visitor/visitor-comp/miniJava/visitor/miniJava/SymbolBinding.java
/home/gjouneau/Documents/Recherche/Self-Adaptable_Virtual_Machine/selfadaptable-minijava/selfadaptable-minijava.lang.visitor/visitor-comp/miniJava/visitor/miniJava/Modulo.java
/home/gjouneau/Documents/Recherche/Self-Adaptable_Virtual_Machine/selfadaptable-minijava/selfadaptable-minijava.lang.visitor/visitor-comp/miniJava/visitor/miniJava/TypeDeclaration.java
/home/gjouneau/Documents/Recherche/Self-Adaptable_Virtual_Machine/selfadaptable-minijava/selfadaptable-minijava.lang.visitor/visitor-comp/miniJava/visitor/miniJava/IntConstant.java
/home/gjouneau/Documents/Recherche/Self-Adaptable_Virtual_Machine/selfadaptable-minijava/selfadaptable-minijava.lang.visitor/visitor-comp/miniJava/visitor/miniJava/TypedDeclaration.java
/home/gjouneau/Documents/Recherche/Self-Adaptable_Virtual_Machine/selfadaptable-minijava/selfadaptable-minijava.lang.visitor/visitor-comp/miniJava/visitor/miniJava/Super.java
/home/gjouneau/Documents/Recherche/Self-Adaptable_Virtual_Machine/selfadaptable-minijava/selfadaptable-minijava.lang.visitor/visitor-comp/miniJava/visitor/miniJava/Field.java
/home/gjouneau/Documents/Recherche/Self-Adaptable_Virtual_Machine/selfadaptable-minijava/selfadaptable-minijava.lang.visitor/visitor-comp/miniJava/visitor/miniJava/BooleanTypeRef.java
/home/gjouneau/Documents/Recherche/Self-Adaptable_Virtual_Machine/selfadaptable-minijava/selfadaptable-minijava.lang.visitor/visitor-comp/miniJava/visitor/miniJava/ObjectInstance.java
/home/gjouneau/Documents/Recherche/Self-Adaptable_Virtual_Machine/selfadaptable-minijava/selfadaptable-minijava.lang.visitor/visitor-comp/miniJava/visitor/miniJava/impl/MinusImpl.java
/home/gjouneau/Documents/Recherche/Self-Adaptable_Virtual_Machine/selfadaptable-minijava/selfadaptable-minijava.lang.visitor/visitor-comp/miniJava/visitor/miniJava/impl/ArrayTypeRefImpl.java
/home/gjouneau/Documents/Recherche/Self-Adaptable_Virtual_Machine/selfadaptable-minijava/selfadaptable-minijava.lang.visitor/visitor-comp/miniJava/visitor/miniJava/impl/TypeRefImpl.java
/home/gjouneau/Documents/Recherche/Self-Adaptable_Virtual_Machine/selfadaptable-minijava/selfadaptable-minijava.lang.visitor/visitor-comp/miniJava/visitor/miniJava/impl/ClazzImpl.java
/home/gjouneau/Documents/Recherche/Self-Adaptable_Virtual_Machine/selfadaptable-minijava/selfadaptable-minijava.lang.visitor/visitor-comp/miniJava/visitor/miniJava/impl/ProgramImpl.java
/home/gjouneau/Documents/Recherche/Self-Adaptable_Virtual_Machine/selfadaptable-minijava/selfadaptable-minijava.lang.visitor/visitor-comp/miniJava/visitor/miniJava/impl/CallImpl.java
/home/gjouneau/Documents/Recherche/Self-Adaptable_Virtual_Machine/selfadaptable-minijava/selfadaptable-minijava.lang.visitor/visitor-comp/miniJava/visitor/miniJava/impl/MiniJavaFactoryImpl.java
/home/gjouneau/Documents/Recherche/Self-Adaptable_Virtual_Machine/selfadaptable-minijava/selfadaptable-minijava.lang.visitor/visitor-comp/miniJava/visitor/miniJava/impl/MultiplicationImpl.java
/home/gjouneau/Documents/Recherche/Self-Adaptable_Virtual_Machine/selfadaptable-minijava/selfadaptable-minijava.lang.visitor/visitor-comp/miniJava/visitor/miniJava/impl/SymbolBindingImpl.java
/home/gjouneau/Documents/Recherche/Self-Adaptable_Virtual_Machine/selfadaptable-minijava/selfadaptable-minijava.lang.visitor/visitor-comp/miniJava/visitor/miniJava/impl/ArrayAccessImpl.java
/home/gjouneau/Documents/Recherche/Self-Adaptable_Virtual_Machine/selfadaptable-minijava/selfadaptable-minijava.lang.visitor/visitor-comp/miniJava/visitor/miniJava/impl/ParameterImpl.java
/home/gjouneau/Documents/Recherche/Self-Adaptable_Virtual_Machine/selfadaptable-minijava/selfadaptable-minijava.lang.visitor/visitor-comp/miniJava/visitor/miniJava/impl/SymbolToSymbolBindingMapImpl.java
/home/gjouneau/Documents/Recherche/Self-Adaptable_Virtual_Machine/selfadaptable-minijava/selfadaptable-minijava.lang.visitor/visitor-comp/miniJava/visitor/miniJava/impl/MethodCallImpl.java
/home/gjouneau/Documents/Recherche/Self-Adaptable_Virtual_Machine/selfadaptable-minijava/selfadaptable-minijava.lang.visitor/visitor-comp/miniJava/visitor/miniJava/impl/ExpressionImpl.java
/home/gjouneau/Documents/Recherche/Self-Adaptable_Virtual_Machine/selfadaptable-minijava/selfadaptable-minijava.lang.visitor/visitor-comp/miniJava/visitor/miniJava/impl/SuperiorImpl.java
/home/gjouneau/Documents/Recherche/Self-Adaptable_Virtual_Machine/selfadaptable-minijava/selfadaptable-minijava.lang.visitor/visitor-comp/miniJava/visitor/miniJava/impl/SymbolImpl.java
/home/gjouneau/Documents/Recherche/Self-Adaptable_Virtual_Machine/selfadaptable-minijava/selfadaptable-minijava.lang.visitor/visitor-comp/miniJava/visitor/miniJava/impl/FieldBindingImpl.java
/home/gjouneau/Documents/Recherche/Self-Adaptable_Virtual_Machine/selfadaptable-minijava/selfadaptable-minijava.lang.visitor/visitor-comp/miniJava/visitor/miniJava/impl/PrintStatementImpl.java
/home/gjouneau/Documents/Recherche/Self-Adaptable_Virtual_Machine/selfadaptable-minijava/selfadaptable-minijava.lang.visitor/visitor-comp/miniJava/visitor/miniJava/impl/TypedDeclarationImpl.java
/home/gjouneau/Documents/Recherche/Self-Adaptable_Virtual_Machine/selfadaptable-minijava/selfadaptable-minijava.lang.visitor/visitor-comp/miniJava/visitor/miniJava/impl/ImportImpl.java
/home/gjouneau/Documents/Recherche/Self-Adaptable_Virtual_Machine/selfadaptable-minijava/selfadaptable-minijava.lang.visitor/visitor-comp/miniJava/visitor/miniJava/impl/StringTypeRefImpl.java
/home/gjouneau/Documents/Recherche/Self-Adaptable_Virtual_Machine/selfadaptable-minijava/selfadaptable-minijava.lang.visitor/visitor-comp/miniJava/visitor/miniJava/impl/InferiorImpl.java
/home/gjouneau/Documents/Recherche/Self-Adaptable_Virtual_Machine/selfadaptable-minijava/selfadaptable-minijava.lang.visitor/visitor-comp/miniJava/visitor/miniJava/impl/BooleanTypeRefImpl.java
/home/gjouneau/Documents/Recherche/Self-Adaptable_Virtual_Machine/selfadaptable-minijava/selfadaptable-minijava.lang.visitor/visitor-comp/miniJava/visitor/miniJava/impl/BoolConstantImpl.java
/home/gjouneau/Documents/Recherche/Self-Adaptable_Virtual_Machine/selfadaptable-minijava/selfadaptable-minijava.lang.visitor/visitor-comp/miniJava/visitor/miniJava/impl/StateImpl.java
/home/gjouneau/Documents/Recherche/Self-Adaptable_Virtual_Machine/selfadaptable-minijava/selfadaptable-minijava.lang.visitor/visitor-comp/miniJava/visitor/miniJava/impl/StringConstantImpl.java
/home/gjouneau/Documents/Recherche/Self-Adaptable_Virtual_Machine/selfadaptable-minijava/selfadaptable-minijava.lang.visitor/visitor-comp/miniJava/visitor/miniJava/impl/SingleTypeRefImpl.java
/home/gjouneau/Documents/Recherche/Self-Adaptable_Virtual_Machine/selfadaptable-minijava/selfadaptable-minijava.lang.visitor/visitor-comp/miniJava/visitor/miniJava/impl/InferiorOrEqualImpl.java
/home/gjouneau/Documents/Recherche/Self-Adaptable_Virtual_Machine/selfadaptable-minijava/selfadaptable-minijava.lang.visitor/visitor-comp/miniJava/visitor/miniJava/impl/LoadImageImpl.java
/home/gjouneau/Documents/Recherche/Self-Adaptable_Virtual_Machine/selfadaptable-minijava/selfadaptable-minijava.lang.visitor/visitor-comp/miniJava/visitor/miniJava/impl/OutputStreamImpl.java
/home/gjouneau/Documents/Recherche/Self-Adaptable_Virtual_Machine/selfadaptable-minijava/selfadaptable-minijava.lang.visitor/visitor-comp/miniJava/visitor/miniJava/impl/AssigneeImpl.java
/home/gjouneau/Documents/Recherche/Self-Adaptable_Virtual_Machine/selfadaptable-minijava/selfadaptable-minijava.lang.visitor/visitor-comp/miniJava/visitor/miniJava/impl/PlusImpl.java
/home/gjouneau/Documents/Recherche/Self-Adaptable_Virtual_Machine/selfadaptable-minijava/selfadaptable-minijava.lang.visitor/visitor-comp/miniJava/visitor/miniJava/impl/ArrayInstanceImpl.java
/home/gjouneau/Documents/Recherche/Self-Adaptable_Virtual_Machine/selfadaptable-minijava/selfadaptable-minijava.lang.visitor/visitor-comp/miniJava/visitor/miniJava/impl/SqrtImpl.java
/home/gjouneau/Documents/Recherche/Self-Adaptable_Virtual_Machine/selfadaptable-minijava/selfadaptable-minijava.lang.visitor/visitor-comp/miniJava/visitor/miniJava/impl/ObjectInstanceImpl.java
/home/gjouneau/Documents/Recherche/Self-Adaptable_Virtual_Machine/selfadaptable-minijava/selfadaptable-minijava.lang.visitor/visitor-comp/miniJava/visitor/miniJava/impl/ContextImpl.java
/home/gjouneau/Documents/Recherche/Self-Adaptable_Virtual_Machine/selfadaptable-minijava/selfadaptable-minijava.lang.visitor/visitor-comp/miniJava/visitor/miniJava/impl/StringValueImpl.java
/home/gjouneau/Documents/Recherche/Self-Adaptable_Virtual_Machine/selfadaptable-minijava/selfadaptable-minijava.lang.visitor/visitor-comp/miniJava/visitor/miniJava/impl/NullImpl.java
/home/gjouneau/Documents/Recherche/Self-Adaptable_Virtual_Machine/selfadaptable-minijava/selfadaptable-minijava.lang.visitor/visitor-comp/miniJava/visitor/miniJava/impl/VoidTypeRefImpl.java
/home/gjouneau/Documents/Recherche/Self-Adaptable_Virtual_Machine/selfadaptable-minijava/selfadaptable-minijava.lang.visitor/visitor-comp/miniJava/visitor/miniJava/impl/NamedElementImpl.java
/home/gjouneau/Documents/Recherche/Self-Adaptable_Virtual_Machine/selfadaptable-minijava/selfadaptable-minijava.lang.visitor/visitor-comp/miniJava/visitor/miniJava/impl/FieldAccessImpl.java
/home/gjouneau/Documents/Recherche/Self-Adaptable_Virtual_Machine/selfadaptable-minijava/selfadaptable-minijava.lang.visitor/visitor-comp/miniJava/visitor/miniJava/impl/MethodCall2Impl.java
/home/gjouneau/Documents/Recherche/Self-Adaptable_Virtual_Machine/selfadaptable-minijava/selfadaptable-minijava.lang.visitor/visitor-comp/miniJava/visitor/miniJava/impl/IntegerTypeRefImpl.java
/home/gjouneau/Documents/Recherche/Self-Adaptable_Virtual_Machine/selfadaptable-minijava/selfadaptable-minijava.lang.visitor/visitor-comp/miniJava/visitor/miniJava/impl/NegImpl.java
/home/gjouneau/Documents/Recherche/Self-Adaptable_Virtual_Machine/selfadaptable-minijava/selfadaptable-minijava.lang.visitor/visitor-comp/miniJava/visitor/miniJava/impl/WhileStatementImpl.java
/home/gjouneau/Documents/Recherche/Self-Adaptable_Virtual_Machine/selfadaptable-minijava/selfadaptable-minijava.lang.visitor/visitor-comp/miniJava/visitor/miniJava/impl/SuperImpl.java
/home/gjouneau/Documents/Recherche/Self-Adaptable_Virtual_Machine/selfadaptable-minijava/selfadaptable-minijava.lang.visitor/visitor-comp/miniJava/visitor/miniJava/impl/NewCallImpl.java
/home/gjouneau/Documents/Recherche/Self-Adaptable_Virtual_Machine/selfadaptable-minijava/selfadaptable-minijava.lang.visitor/visitor-comp/miniJava/visitor/miniJava/impl/ObjectRefValueImpl.java
/home/gjouneau/Documents/Recherche/Self-Adaptable_Virtual_Machine/selfadaptable-minijava/selfadaptable-minijava.lang.visitor/visitor-comp/miniJava/visitor/miniJava/impl/ValueImpl.java
/home/gjouneau/Documents/Recherche/Self-Adaptable_Virtual_Machine/selfadaptable-minijava/selfadaptable-minijava.lang.visitor/visitor-comp/miniJava/visitor/miniJava/impl/VariableDeclarationImpl.java
/home/gjouneau/Documents/Recherche/Self-Adaptable_Virtual_Machine/selfadaptable-minijava/selfadaptable-minijava.lang.visitor/visitor-comp/miniJava/visitor/miniJava/impl/IntegerValueImpl.java
/home/gjouneau/Documents/Recherche/Self-Adaptable_Virtual_Machine/selfadaptable-minijava/selfadaptable-minijava.lang.visitor/visitor-comp/miniJava/visitor/miniJava/impl/AndImpl.java
/home/gjouneau/Documents/Recherche/Self-Adaptable_Virtual_Machine/selfadaptable-minijava/selfadaptable-minijava.lang.visitor/visitor-comp/miniJava/visitor/miniJava/impl/WriteImageImpl.java
/home/gjouneau/Documents/Recherche/Self-Adaptable_Virtual_Machine/selfadaptable-minijava/selfadaptable-minijava.lang.visitor/visitor-comp/miniJava/visitor/miniJava/impl/OrImpl.java
/home/gjouneau/Documents/Recherche/Self-Adaptable_Virtual_Machine/selfadaptable-minijava/selfadaptable-minijava.lang.visitor/visitor-comp/miniJava/visitor/miniJava/impl/ArrayRefValueImpl.java
/home/gjouneau/Documents/Recherche/Self-Adaptable_Virtual_Machine/selfadaptable-minijava/selfadaptable-minijava.lang.visitor/visitor-comp/miniJava/visitor/miniJava/impl/NewObjectImpl.java
/home/gjouneau/Documents/Recherche/Self-Adaptable_Virtual_Machine/selfadaptable-minijava/selfadaptable-minijava.lang.visitor/visitor-comp/miniJava/visitor/miniJava/impl/FieldImpl.java
/home/gjouneau/Documents/Recherche/Self-Adaptable_Virtual_Machine/selfadaptable-minijava/selfadaptable-minijava.lang.visitor/visitor-comp/miniJava/visitor/miniJava/impl/InequalityImpl.java
/home/gjouneau/Documents/Recherche/Self-Adaptable_Virtual_Machine/selfadaptable-minijava/selfadaptable-minijava.lang.visitor/visitor-comp/miniJava/visitor/miniJava/impl/DivisionImpl.java
/home/gjouneau/Documents/Recherche/Self-Adaptable_Virtual_Machine/selfadaptable-minijava/selfadaptable-minijava.lang.visitor/visitor-comp/miniJava/visitor/miniJava/impl/NewArrayImpl.java
/home/gjouneau/Documents/Recherche/Self-Adaptable_Virtual_Machine/selfadaptable-minijava/selfadaptable-minijava.lang.visitor/visitor-comp/miniJava/visitor/miniJava/impl/AssignmentImpl.java
/home/gjouneau/Documents/Recherche/Self-Adaptable_Virtual_Machine/selfadaptable-minijava/selfadaptable-minijava.lang.visitor/visitor-comp/miniJava/visitor/miniJava/impl/IfStatementImpl.java
/home/gjouneau/Documents/Recherche/Self-Adaptable_Virtual_Machine/selfadaptable-minijava/selfadaptable-minijava.lang.visitor/visitor-comp/miniJava/visitor/miniJava/impl/FrameImpl.java
/home/gjouneau/Documents/Recherche/Self-Adaptable_Virtual_Machine/selfadaptable-minijava/selfadaptable-minijava.lang.visitor/visitor-comp/miniJava/visitor/miniJava/impl/SuperiorOrEqualImpl.java
/home/gjouneau/Documents/Recherche/Self-Adaptable_Virtual_Machine/selfadaptable-minijava/selfadaptable-minijava.lang.visitor/visitor-comp/miniJava/visitor/miniJava/impl/StatementImpl.java
/home/gjouneau/Documents/Recherche/Self-Adaptable_Virtual_Machine/selfadaptable-minijava/selfadaptable-minijava.lang.visitor/visitor-comp/miniJava/visitor/miniJava/impl/InterfaceImpl.java
/home/gjouneau/Documents/Recherche/Self-Adaptable_Virtual_Machine/selfadaptable-minijava/selfadaptable-minijava.lang.visitor/visitor-comp/miniJava/visitor/miniJava/impl/ThisImpl.java
/home/gjouneau/Documents/Recherche/Self-Adaptable_Virtual_Machine/selfadaptable-minijava/selfadaptable-minijava.lang.visitor/visitor-comp/miniJava/visitor/miniJava/impl/ModuloImpl.java
/home/gjouneau/Documents/Recherche/Self-Adaptable_Virtual_Machine/selfadaptable-minijava/selfadaptable-minijava.lang.visitor/visitor-comp/miniJava/visitor/miniJava/impl/SymbolRefImpl.java
/home/gjouneau/Documents/Recherche/Self-Adaptable_Virtual_Machine/selfadaptable-minijava/selfadaptable-minijava.lang.visitor/visitor-comp/miniJava/visitor/miniJava/impl/MemberImpl.java
/home/gjouneau/Documents/Recherche/Self-Adaptable_Virtual_Machine/selfadaptable-minijava/selfadaptable-minijava.lang.visitor/visitor-comp/miniJava/visitor/miniJava/impl/ReturnImpl.java
/home/gjouneau/Documents/Recherche/Self-Adaptable_Virtual_Machine/selfadaptable-minijava/selfadaptable-minijava.lang.visitor/visitor-comp/miniJava/visitor/miniJava/impl/ClazzToMethodMapImpl.java
/home/gjouneau/Documents/Recherche/Self-Adaptable_Virtual_Machine/selfadaptable-minijava/selfadaptable-minijava.lang.visitor/visitor-comp/miniJava/visitor/miniJava/impl/TypeDeclarationImpl.java
/home/gjouneau/Documents/Recherche/Self-Adaptable_Virtual_Machine/selfadaptable-minijava/selfadaptable-minijava.lang.visitor/visitor-comp/miniJava/visitor/miniJava/impl/BlockImpl.java
/home/gjouneau/Documents/Recherche/Self-Adaptable_Virtual_Machine/selfadaptable-minijava/selfadaptable-minijava.lang.visitor/visitor-comp/miniJava/visitor/miniJava/impl/IntConstantImpl.java
/home/gjouneau/Documents/Recherche/Self-Adaptable_Virtual_Machine/selfadaptable-minijava/selfadaptable-minijava.lang.visitor/visitor-comp/miniJava/visitor/miniJava/impl/NullValueImpl.java
/home/gjouneau/Documents/Recherche/Self-Adaptable_Virtual_Machine/selfadaptable-minijava/selfadaptable-minijava.lang.visitor/visitor-comp/miniJava/visitor/miniJava/impl/NotImpl.java
/home/gjouneau/Documents/Recherche/Self-Adaptable_Virtual_Machine/selfadaptable-minijava/selfadaptable-minijava.lang.visitor/visitor-comp/miniJava/visitor/miniJava/impl/MiniJavaPackageImpl.java
/home/gjouneau/Documents/Recherche/Self-Adaptable_Virtual_Machine/selfadaptable-minijava/selfadaptable-minijava.lang.visitor/visitor-comp/miniJava/visitor/miniJava/impl/EqualityImpl.java
/home/gjouneau/Documents/Recherche/Self-Adaptable_Virtual_Machine/selfadaptable-minijava/selfadaptable-minijava.lang.visitor/visitor-comp/miniJava/visitor/miniJava/impl/BooleanValueImpl.java
/home/gjouneau/Documents/Recherche/Self-Adaptable_Virtual_Machine/selfadaptable-minijava/selfadaptable-minijava.lang.visitor/visitor-comp/miniJava/visitor/miniJava/impl/ForStatementImpl.java
/home/gjouneau/Documents/Recherche/Self-Adaptable_Virtual_Machine/selfadaptable-minijava/selfadaptable-minijava.lang.visitor/visitor-comp/miniJava/visitor/miniJava/impl/MethodImpl.java
/home/gjouneau/Documents/Recherche/Self-Adaptable_Virtual_Machine/selfadaptable-minijava/selfadaptable-minijava.lang.visitor/visitor-comp/miniJava/visitor/miniJava/impl/ClassRefImpl.java
/home/gjouneau/Documents/Recherche/Self-Adaptable_Virtual_Machine/selfadaptable-minijava/selfadaptable-minijava.lang.visitor/visitor-comp/miniJava/visitor/miniJava/impl/ArrayLengthImpl.java
/home/gjouneau/Documents/Recherche/Self-Adaptable_Virtual_Machine/selfadaptable-minijava/selfadaptable-minijava.lang.visitor/visitor-comp/miniJava/visitor/miniJava/ArrayAccess.java
/home/gjouneau/Documents/Recherche/Self-Adaptable_Virtual_Machine/selfadaptable-minijava/selfadaptable-minijava.lang.visitor/visitor-comp/miniJava/visitor/miniJava/SymbolToSymbolBindingMap.java
/home/gjouneau/Documents/Recherche/Self-Adaptable_Virtual_Machine/selfadaptable-minijava/selfadaptable-minijava.lang.visitor/visitor-comp/miniJava/visitor/miniJava/IntegerTypeRef.java
/home/gjouneau/Documents/Recherche/Self-Adaptable_Virtual_Machine/selfadaptable-minijava/selfadaptable-minijava.lang.visitor/visitor-comp/miniJava/visitor/miniJava/BooleanValue.java
/home/gjouneau/Documents/Recherche/Self-Adaptable_Virtual_Machine/selfadaptable-minijava/selfadaptable-minijava.lang.visitor/visitor-comp/miniJava/visitor/miniJava/Plus.java
/home/gjouneau/Documents/Recherche/Self-Adaptable_Virtual_Machine/selfadaptable-minijava/selfadaptable-minijava.lang.visitor/visitor-comp/miniJava/visitor/miniJava/Call.java
/home/gjouneau/Documents/Recherche/Self-Adaptable_Virtual_Machine/selfadaptable-minijava/selfadaptable-minijava.lang.visitor/visitor-comp/miniJava/visitor/miniJava/VoidTypeRef.java
